<?xml version="1.0" encoding="UTF-8"?>
<testng-results skipped="0" failed="1" ignored="0" total="4" passed="3">
  <reporter-output>
  </reporter-output>
  <suite name="Suite" duration-ms="323123" started-at="2021-01-12T19:55:45 EST" finished-at="2021-01-12T20:01:08 EST">
    <groups>
      <group name="cucumber">
        <method signature="AbstractTestNGCucumberTests.runScenario(io.cucumber.testng.PickleWrapper, io.cucumber.testng.FeatureWrapper)[pri:0, instance:Runner.TestRunner@4f970963]" name="runScenario" class="io.cucumber.testng.AbstractTestNGCucumberTests"/>
      </group> <!-- cucumber -->
    </groups>
    <test name="Test" duration-ms="323123" started-at="2021-01-12T19:55:45 EST" finished-at="2021-01-12T20:01:08 EST">
      <class name="Runner.TestRunner">
        <test-method status="PASS" signature="setUpClass()[pri:0, instance:Runner.TestRunner@4f970963]" name="setUpClass" is-config="true" duration-ms="1172" started-at="2021-01-12T19:55:45 EST" finished-at="2021-01-12T19:55:46 EST">
          <reporter-output>
          </reporter-output>
        </test-method> <!-- setUpClass -->
        <test-method status="PASS" signature="runScenario(io.cucumber.testng.PickleWrapper, io.cucumber.testng.FeatureWrapper)[pri:0, instance:Runner.TestRunner@4f970963]" name="runScenario" duration-ms="192051" started-at="2021-01-12T19:55:46 EST" description="Runs Cucumber Scenarios" data-provider="scenarios" finished-at="2021-01-12T19:58:58 EST">
          <params>
            <param index="0">
              <value>
                <![CDATA["Verify the Title of page"]]>
              </value>
            </param>
            <param index="1">
              <value>
                <![CDATA["Optional[Validation of ORM HRM Website]"]]>
              </value>
            </param>
          </params>
          <reporter-output>
          </reporter-output>
        </test-method> <!-- runScenario -->
        <test-method status="PASS" signature="runScenario(io.cucumber.testng.PickleWrapper, io.cucumber.testng.FeatureWrapper)[pri:0, instance:Runner.TestRunner@4f970963]" name="runScenario" duration-ms="88371" started-at="2021-01-12T19:58:58 EST" description="Runs Cucumber Scenarios" data-provider="scenarios" finished-at="2021-01-12T20:00:27 EST">
          <params>
            <param index="0">
              <value>
                <![CDATA["Verify the login feature for different login id and pwd"]]>
              </value>
            </param>
            <param index="1">
              <value>
                <![CDATA["Optional[Validation of ORM HRM Website]"]]>
              </value>
            </param>
          </params>
          <reporter-output>
          </reporter-output>
        </test-method> <!-- runScenario -->
        <test-method status="FAIL" signature="runScenario(io.cucumber.testng.PickleWrapper, io.cucumber.testng.FeatureWrapper)[pri:0, instance:Runner.TestRunner@4f970963]" name="runScenario" duration-ms="36534" started-at="2021-01-12T20:00:27 EST" description="Runs Cucumber Scenarios" data-provider="scenarios" finished-at="2021-01-12T20:01:03 EST">
          <params>
            <param index="0">
              <value>
                <![CDATA["Verify the login feature for different login id and pwd"]]>
              </value>
            </param>
            <param index="1">
              <value>
                <![CDATA["Optional[Validation of ORM HRM Website]"]]>
              </value>
            </param>
          </params>
          <exception class="org.openqa.selenium.NoSuchElementException">
            <message>
              <![CDATA[no such element: Unable to locate element: {"method":"xpath","selector":"//div[@class='nav-wrapper row']/ul/li"}
  (Session info: chrome=87.0.4280.141)
For documentation on this error, please visit: http://seleniumhq.org/exceptions/no_such_element.html
Build info: version: '3.14.0', revision: 'aacccce0', time: '2018-08-02T20:19:58.91Z'
System info: host: 'RASHMI', ip: '192.168.4.24', os.name: 'Windows 8.1', os.arch: 'amd64', os.version: '6.3', java.version: '1.8.0_221'
Driver info: org.openqa.selenium.chrome.ChromeDriver
Capabilities {acceptInsecureCerts: false, browserName: chrome, browserVersion: 87.0.4280.141, chrome: {chromedriverVersion: 87.0.4280.88 (89e2380a3e36c..., userDataDir: C:\Users\RASHMI~1\AppData\L...}, goog:chromeOptions: {debuggerAddress: localhost:51170}, javascriptEnabled: true, networkConnectionEnabled: false, pageLoadStrategy: normal, platform: WINDOWS, platformName: WINDOWS, proxy: Proxy(), setWindowRect: true, strictFileInteractability: false, timeouts: {implicit: 0, pageLoad: 300000, script: 30000}, unhandledPromptBehavior: dismiss and notify, webauthn:virtualAuthenticators: true}
Session ID: d98b7776354fd5ebe496b6ba5db56451
*** Element info: {Using=xpath, value=//div[@class='nav-wrapper row']/ul/li}]]>
            </message>
            <full-stacktrace>
              <![CDATA[org.openqa.selenium.NoSuchElementException: no such element: Unable to locate element: {"method":"xpath","selector":"//div[@class='nav-wrapper row']/ul/li"}
  (Session info: chrome=87.0.4280.141)
For documentation on this error, please visit: http://seleniumhq.org/exceptions/no_such_element.html
Build info: version: '3.14.0', revision: 'aacccce0', time: '2018-08-02T20:19:58.91Z'
System info: host: 'RASHMI', ip: '192.168.4.24', os.name: 'Windows 8.1', os.arch: 'amd64', os.version: '6.3', java.version: '1.8.0_221'
Driver info: org.openqa.selenium.chrome.ChromeDriver
Capabilities {acceptInsecureCerts: false, browserName: chrome, browserVersion: 87.0.4280.141, chrome: {chromedriverVersion: 87.0.4280.88 (89e2380a3e36c..., userDataDir: C:\Users\RASHMI~1\AppData\L...}, goog:chromeOptions: {debuggerAddress: localhost:51170}, javascriptEnabled: true, networkConnectionEnabled: false, pageLoadStrategy: normal, platform: WINDOWS, platformName: WINDOWS, proxy: Proxy(), setWindowRect: true, strictFileInteractability: false, timeouts: {implicit: 0, pageLoad: 300000, script: 30000}, unhandledPromptBehavior: dismiss and notify, webauthn:virtualAuthenticators: true}
Session ID: d98b7776354fd5ebe496b6ba5db56451
*** Element info: {Using=xpath, value=//div[@class='nav-wrapper row']/ul/li}
at sun.reflect.NativeConstructorAccessorImpl.newInstance0(Native Method)
at sun.reflect.NativeConstructorAccessorImpl.newInstance(NativeConstructorAccessorImpl.java:62)
at sun.reflect.DelegatingConstructorAccessorImpl.newInstance(DelegatingConstructorAccessorImpl.java:45)
at java.lang.reflect.Constructor.newInstance(Constructor.java:423)
at org.openqa.selenium.remote.http.W3CHttpResponseCodec.createException(W3CHttpResponseCodec.java:187)
at org.openqa.selenium.remote.http.W3CHttpResponseCodec.decode(W3CHttpResponseCodec.java:122)
at org.openqa.selenium.remote.http.W3CHttpResponseCodec.decode(W3CHttpResponseCodec.java:49)
at org.openqa.selenium.remote.HttpCommandExecutor.execute(HttpCommandExecutor.java:158)
at org.openqa.selenium.remote.service.DriverCommandExecutor.execute(DriverCommandExecutor.java:83)
at org.openqa.selenium.remote.RemoteWebDriver.execute(RemoteWebDriver.java:548)
at org.openqa.selenium.remote.RemoteWebDriver.findElement(RemoteWebDriver.java:322)
at org.openqa.selenium.remote.RemoteWebDriver.findElementByXPath(RemoteWebDriver.java:424)
at org.openqa.selenium.By$ByXPath.findElement(By.java:353)
at org.openqa.selenium.remote.RemoteWebDriver.findElement(RemoteWebDriver.java:314)
at Pages.HomePage.get_dash_board_title(HomePage.java:13)
at Steps.jan21_sc2.homepageIsDisplayedWithTitleAs(jan21_sc2.java:40)
at ✽.homepage is displayed with title as "Dashboard"(file:///C:/Work/cucumber_revisited/src/test/java/Features/f1.feature:14)
]]>
            </full-stacktrace>
          </exception> <!-- org.openqa.selenium.NoSuchElementException -->
          <reporter-output>
          </reporter-output>
        </test-method> <!-- runScenario -->
        <test-method status="PASS" signature="runScenario(io.cucumber.testng.PickleWrapper, io.cucumber.testng.FeatureWrapper)[pri:0, instance:Runner.TestRunner@4f970963]" name="runScenario" duration-ms="3737" started-at="2021-01-12T20:01:03 EST" description="Runs Cucumber Scenarios" data-provider="scenarios" finished-at="2021-01-12T20:01:07 EST">
          <params>
            <param index="0">
              <value>
                <![CDATA["user scenario"]]>
              </value>
            </param>
            <param index="1">
              <value>
                <![CDATA["Optional[Verify the list and table]"]]>
              </value>
            </param>
          </params>
          <reporter-output>
          </reporter-output>
        </test-method> <!-- runScenario -->
        <test-method status="PASS" signature="tearDownClass()[pri:0, instance:Runner.TestRunner@4f970963]" name="tearDownClass" is-config="true" duration-ms="1143" started-at="2021-01-12T20:01:07 EST" finished-at="2021-01-12T20:01:08 EST">
          <reporter-output>
          </reporter-output>
        </test-method> <!-- tearDownClass -->
      </class> <!-- Runner.TestRunner -->
    </test> <!-- Test -->
  </suite> <!-- Suite -->
</testng-results>
