<?xml version="1.0" encoding="UTF-8"?>
<testng-results skipped="0" failed="0" ignored="0" total="3" passed="3">
  <reporter-output>
  </reporter-output>
  <suite name="Default suite" duration-ms="23548" started-at="2021-01-12T20:02:27 EST" finished-at="2021-01-12T20:02:51 EST">
    <groups>
      <group name="cucumber">
        <method signature="AbstractTestNGCucumberTests.runScenario(io.cucumber.testng.PickleWrapper, io.cucumber.testng.FeatureWrapper)[pri:0, instance:Runner.TestRunner@33c7e1bb]" name="runScenario" class="io.cucumber.testng.AbstractTestNGCucumberTests"/>
      </group> <!-- cucumber -->
    </groups>
    <test name="Default test" duration-ms="23548" started-at="2021-01-12T20:02:27 EST" finished-at="2021-01-12T20:02:51 EST">
      <class name="Runner.TestRunner">
        <test-method status="PASS" signature="setUpClass()[pri:0, instance:Runner.TestRunner@33c7e1bb]" name="setUpClass" is-config="true" duration-ms="1672" started-at="2021-01-12T20:02:27 EST" finished-at="2021-01-12T20:02:29 EST">
          <reporter-output>
          </reporter-output>
        </test-method> <!-- setUpClass -->
        <test-method status="PASS" signature="runScenario(io.cucumber.testng.PickleWrapper, io.cucumber.testng.FeatureWrapper)[pri:0, instance:Runner.TestRunner@33c7e1bb]" name="runScenario" duration-ms="7887" started-at="2021-01-12T20:02:29 EST" description="Runs Cucumber Scenarios" data-provider="scenarios" finished-at="2021-01-12T20:02:37 EST">
          <params>
            <param index="0">
              <value>
                <![CDATA["Verify the Title of page"]]>
              </value>
            </param>
            <param index="1">
              <value>
                <![CDATA["Optional[Validation of ORM HRM Website]"]]>
              </value>
            </param>
          </params>
          <reporter-output>
          </reporter-output>
        </test-method> <!-- runScenario -->
        <test-method status="PASS" signature="runScenario(io.cucumber.testng.PickleWrapper, io.cucumber.testng.FeatureWrapper)[pri:0, instance:Runner.TestRunner@33c7e1bb]" name="runScenario" duration-ms="10166" started-at="2021-01-12T20:02:37 EST" description="Runs Cucumber Scenarios" data-provider="scenarios" finished-at="2021-01-12T20:02:47 EST">
          <params>
            <param index="0">
              <value>
                <![CDATA["Verify the login feature for different login id and pwd"]]>
              </value>
            </param>
            <param index="1">
              <value>
                <![CDATA["Optional[Validation of ORM HRM Website]"]]>
              </value>
            </param>
          </params>
          <reporter-output>
          </reporter-output>
        </test-method> <!-- runScenario -->
        <test-method status="PASS" signature="runScenario(io.cucumber.testng.PickleWrapper, io.cucumber.testng.FeatureWrapper)[pri:0, instance:Runner.TestRunner@33c7e1bb]" name="runScenario" duration-ms="3083" started-at="2021-01-12T20:02:47 EST" description="Runs Cucumber Scenarios" data-provider="scenarios" finished-at="2021-01-12T20:02:50 EST">
          <params>
            <param index="0">
              <value>
                <![CDATA["user scenario"]]>
              </value>
            </param>
            <param index="1">
              <value>
                <![CDATA["Optional[Verify the list and table]"]]>
              </value>
            </param>
          </params>
          <reporter-output>
          </reporter-output>
        </test-method> <!-- runScenario -->
        <test-method status="PASS" signature="tearDownClass()[pri:0, instance:Runner.TestRunner@33c7e1bb]" name="tearDownClass" is-config="true" duration-ms="644" started-at="2021-01-12T20:02:50 EST" finished-at="2021-01-12T20:02:51 EST">
          <reporter-output>
          </reporter-output>
        </test-method> <!-- tearDownClass -->
      </class> <!-- Runner.TestRunner -->
    </test> <!-- Default test -->
  </suite> <!-- Default suite -->
</testng-results>
